Determining if the pthread_create exist failed with the following output:
Change Dir: /opt/ros/sim_ws/build/CMakeFiles/CMakeTmp

Run Build Command:"/usr/bin/make" "cmTC_d58ac/fast"
/usr/bin/make -f CMakeFiles/cmTC_d58ac.dir/build.make CMakeFiles/cmTC_d58ac.dir/build
make[1]: Entering directory '/opt/ros/sim_ws/build/CMakeFiles/CMakeTmp'
Building C object CMakeFiles/cmTC_d58ac.dir/CheckSymbolExists.c.o
/usr/bin/cc     -o CMakeFiles/cmTC_d58ac.dir/CheckSymbolExists.c.o   -c /opt/ros/sim_ws/build/CMakeFiles/CMakeTmp/CheckSymbolExists.c
Linking C executable cmTC_d58ac
/usr/bin/cmake -E cmake_link_script CMakeFiles/cmTC_d58ac.dir/link.txt --verbose=1
/usr/bin/cc       CMakeFiles/cmTC_d58ac.dir/CheckSymbolExists.c.o  -o cmTC_d58ac -rdynamic 
CMakeFiles/cmTC_d58ac.dir/CheckSymbolExists.c.o: In function `main':
CheckSymbolExists.c:(.text+0x1b): undefined reference to `pthread_create'
collect2: error: ld returned 1 exit status
CMakeFiles/cmTC_d58ac.dir/build.make:97: recipe for target 'cmTC_d58ac' failed
make[1]: *** [cmTC_d58ac] Error 1
make[1]: Leaving directory '/opt/ros/sim_ws/build/CMakeFiles/CMakeTmp'
Makefile:126: recipe for target 'cmTC_d58ac/fast' failed
make: *** [cmTC_d58ac/fast] Error 2

File /opt/ros/sim_ws/build/CMakeFiles/CMakeTmp/CheckSymbolExists.c:
/* */
#include <pthread.h>

int main(int argc, char** argv)
{
  (void)argv;
#ifndef pthread_create
  return ((int*)(&pthread_create))[argc];
#else
  (void)argc;
  return 0;
#endif
}

Determining if the function pthread_create exists in the pthreads failed with the following output:
Change Dir: /opt/ros/sim_ws/build/CMakeFiles/CMakeTmp

Run Build Command:"/usr/bin/make" "cmTC_72e6a/fast"
/usr/bin/make -f CMakeFiles/cmTC_72e6a.dir/build.make CMakeFiles/cmTC_72e6a.dir/build
make[1]: Entering directory '/opt/ros/sim_ws/build/CMakeFiles/CMakeTmp'
Building C object CMakeFiles/cmTC_72e6a.dir/CheckFunctionExists.c.o
/usr/bin/cc    -DCHECK_FUNCTION_EXISTS=pthread_create   -o CMakeFiles/cmTC_72e6a.dir/CheckFunctionExists.c.o   -c /usr/share/cmake-3.7/Modules/CheckFunctionExists.c
Linking C executable cmTC_72e6a
/usr/bin/cmake -E cmake_link_script CMakeFiles/cmTC_72e6a.dir/link.txt --verbose=1
/usr/bin/cc   -DCHECK_FUNCTION_EXISTS=pthread_create    CMakeFiles/cmTC_72e6a.dir/CheckFunctionExists.c.o  -o cmTC_72e6a -rdynamic -lpthreads 
/usr/bin/ld: cannot find -lpthreads
collect2: error: ld returned 1 exit status
CMakeFiles/cmTC_72e6a.dir/build.make:97: recipe for target 'cmTC_72e6a' failed
make[1]: *** [cmTC_72e6a] Error 1
make[1]: Leaving directory '/opt/ros/sim_ws/build/CMakeFiles/CMakeTmp'
Makefile:126: recipe for target 'cmTC_72e6a/fast' failed
make: *** [cmTC_72e6a/fast] Error 2


